0 info it worked if it ends with ok
1 verbose cli [ 'C:\\Program Files (x86)\\nodejs\\\\node.exe',
1 verbose cli   'C:\\Program Files (x86)\\nodejs\\node_modules\\npm\\bin\\npm-cli.js',
1 verbose cli   'start' ]
2 info using npm@2.7.4
3 info using node@v0.12.2
4 verbose node symlink C:\Program Files (x86)\nodejs\\node.exe
5 verbose stack Error: ENOENT, open 'D:\Projeto\react-examples\package.json'
5 verbose stack     at Error (native)
6 verbose cwd D:\Projeto\react-examples
7 error Windows_NT 6.3.9600
8 error argv "C:\\Program Files (x86)\\nodejs\\\\node.exe" "C:\\Program Files (x86)\\nodejs\\node_modules\\npm\\bin\\npm-cli.js" "start"
9 error node v0.12.2
10 error npm  v2.7.4
11 error path D:\Projeto\react-examples\package.json
12 error code ENOENT
13 error errno -4058
14 error enoent ENOENT, open 'D:\Projeto\react-examples\package.json'
14 error enoent This is most likely not a problem with npm itself
14 error enoent and is related to npm not being able to find a file.
15 verbose exit [ -4058, true ]
